{
  "Unit Tests": {
    "coverage": {
      "/home/devbox/Dropbox/factory-helper/lib/factory-helper.rb": [
        null,
        1,
        null,
        1,
        1,
        null,
        null,
        null,
        1,
        1,
        null,
        1,
        1,
        null,
        1,
        null,
        1,
        1,
        1,
        null,
        1,
        1,
        1,
        52331,
        null,
        null,
        null,
        null,
        1,
        1,
        1,
        1,
        null,
        1,
        null,
        1,
        32880,
        null,
        null,
        1,
        34,
        null,
        null,
        1,
        26,
        null,
        null,
        null,
        null,
        null,
        null,
        null,
        null,
        null,
        null,
        null,
        null,
        null,
        null,
        null,
        null,
        null,
        null,
        null,
        null,
        null,
        1,
        52,
        null,
        null,
        null,
        66,
        0,
        90,
        40,
        393,
        144,
        220,
        52,
        null,
        null,
        null,
        null,
        1,
        50195,
        50189,
        50189,
        4,
        null,
        50185,
        null,
        null,
        null,
        null,
        null,
        null,
        1,
        null,
        null,
        null,
        554,
        null,
        null,
        null,
        554,
        null,
        null,
        null,
        554,
        null,
        null,
        554,
        4241,
        null,
        null,
        null,
        null,
        1,
        52333,
        52333,
        52333,
        52333,
        null,
        null,
        null,
        null,
        3582,
        null,
        null,
        1,
        8,
        null,
        null,
        null,
        null,
        null,
        null,
        null,
        1,
        16,
        null,
        null,
        16,
        14,
        null,
        2,
        null,
        null,
        null,
        null,
        1,
        2820,
        2820,
        null,
        null,
        null,
        null,
        null,
        1,
        null,
        1,
        1,
        1,
        1,
        1,
        1,
        1,
        1,
        1,
        1,
        1,
        1,
        1,
        1,
        1,
        1,
        1,
        1,
        1,
        1,
        1,
        1
      ],
      "/home/devbox/Dropbox/factory-helper/lib/factory-helper/address.rb": [
        1,
        1,
        1,
        null,
        1,
        1,
        204,
        null,
        null,
        1,
        14,
        null,
        null,
        1,
        6,
        null,
        null,
        1,
        2,
        null,
        null,
        1,
        6,
        null,
        null,
        1,
        22,
        null,
        null,
        null,
        16,
        null,
        null,
        1,
        2,
        null,
        null,
        1,
        1,
        null,
        11,
        144,
        116,
        1,
        3,
        1,
        1,
        null,
        1,
        0,
        null,
        null,
        1,
        0,
        null,
        null,
        null,
        null,
        null
      ],
      "/home/devbox/Dropbox/factory-helper/lib/factory-helper/code.rb": [
        1,
        1,
        1,
        null,
        null,
        1,
        4,
        null,
        null,
        null,
        null,
        1,
        4,
        null,
        null,
        1,
        2,
        2,
        2,
        null,
        null,
        1,
        null,
        1,
        2,
        20,
        2,
        null,
        null,
        1,
        2,
        26,
        2,
        null,
        null,
        1,
        4,
        42,
        null,
        null,
        null,
        1,
        2,
        16,
        2,
        null,
        null,
        1,
        2,
        26,
        2,
        null,
        null,
        1,
        1,
        null,
        1,
        18,
        2,
        null,
        null,
        null,
        null
      ],
      "/home/devbox/Dropbox/factory-helper/lib/factory-helper/company.rb": [
        1,
        1,
        1,
        null,
        1,
        1,
        8,
        null,
        null,
        1,
        3,
        null,
        null,
        null,
        1,
        0,
        null,
        null,
        1,
        1,
        null,
        null,
        null,
        1,
        0,
        null,
        null,
        1,
        2,
        null,
        null,
        1,
        2,
        null,
        null,
        null,
        1,
        2,
        2,
        null,
        null,
        null,
        null,
        null
      ],
      "/home/devbox/Dropbox/factory-helper/lib/factory-helper/finance.rb": [
        1,
        1,
        1,
        null,
        1,
        1,
        0,
        0,
        0,
        null,
        null,
        0,
        0,
        0,
        0,
        null,
        null,
        null,
        0,
        null,
        0,
        0,
        null,
        null,
        null,
        null
      ],
      "/home/devbox/Dropbox/factory-helper/lib/factory-helper/internet.rb": [
        null,
        1,
        1,
        1,
        1,
        2,
        null,
        null,
        1,
        2,
        null,
        null,
        1,
        2,
        null,
        null,
        1,
        32907,
        2,
        null,
        6079,
        null,
        23650,
        23650,
        6079,
        6079,
        4590,
        null,
        6079,
        null,
        3168,
        null,
        6015,
        6015,
        3168,
        3168,
        null,
        null,
        23658,
        11895,
        null,
        null,
        23526,
        11763,
        null,
        null,
        null,
        1,
        130,
        130,
        130,
        96,
        96,
        null,
        130,
        130,
        null,
        null,
        1,
        4,
        null,
        null,
        1,
        23662,
        633,
        null,
        null,
        null,
        null,
        null,
        null,
        null,
        null,
        1,
        6,
        null,
        null,
        1,
        6,
        null,
        null,
        1,
        2018,
        14046,
        14056,
        null,
        null,
        1,
        2002,
        null,
        null,
        null,
        2002,
        null,
        null,
        1,
        2002,
        18018,
        18018,
        null,
        null,
        1,
        2,
        null,
        null,
        1,
        6,
        6,
        null,
        null,
        1,
        2,
        null,
        null,
        null,
        null
      ],
      "/home/devbox/Dropbox/factory-helper/lib/factory-helper/lorem.rb": [
        1,
        null,
        1,
        1,
        1,
        2000,
        null,
        null,
        1,
        107,
        107,
        null,
        107,
        null,
        107,
        107,
        null,
        null,
        1,
        4,
        null,
        null,
        1,
        2238,
        2222,
        2222,
        null,
        null,
        1,
        85,
        null,
        null,
        1,
        21,
        21,
        85,
        null,
        null,
        null,
        null,
        1,
        15,
        null,
        null,
        1,
        6,
        6,
        15,
        null,
        null,
        null,
        null,
        1,
        null,
        null,
        null,
        1,
        2371,
        10,
        10,
        2351,
        null,
        null,
        null,
        null,
        null
      ],
      "/home/devbox/Dropbox/factory-helper/lib/factory-helper/name.rb": [
        1,
        1,
        1,
        null,
        1,
        null,
        1,
        2,
        null,
        null,
        1,
        23818,
        null,
        null,
        1,
        11832,
        null,
        null,
        1,
        4,
        null,
        null,
        1,
        3,
        null,
        null,
        1,
        3456,
        null,
        null,
        1,
        864,
        null,
        null,
        null,
        null,
        1,
        0,
        null,
        null,
        null,
        null,
        null
      ],
      "/home/devbox/Dropbox/factory-helper/lib/factory-helper/team.rb": [
        1,
        1,
        1,
        null,
        1,
        1,
        2,
        null,
        null,
        1,
        2,
        null,
        null,
        1,
        0,
        null,
        null,
        null,
        null,
        null
      ],
      "/home/devbox/Dropbox/factory-helper/lib/factory-helper/phone_number.rb": [
        1,
        1,
        1,
        1,
        2002,
        2000,
        null,
        2,
        null,
        null,
        null,
        1,
        1998,
        1998,
        null,
        0,
        null,
        null,
        null,
        null,
        1,
        12,
        12,
        2,
        2,
        null,
        null,
        null,
        null,
        1,
        12,
        12,
        2,
        2,
        null,
        null,
        null,
        null,
        null,
        null,
        1,
        14,
        14,
        0,
        0,
        null,
        null,
        null,
        1,
        null,
        null,
        null
      ],
      "/home/devbox/Dropbox/factory-helper/lib/factory-helper/business.rb": [
        1,
        null,
        1,
        1,
        1,
        null,
        1,
        1,
        4,
        null,
        null,
        1,
        4,
        null,
        null,
        1,
        4,
        null,
        null,
        null,
        null,
        null
      ],
      "/home/devbox/Dropbox/factory-helper/lib/factory-helper/commerce.rb": [
        1,
        1,
        null,
        1,
        1,
        2,
        null,
        null,
        1,
        212,
        212,
        null,
        212,
        null,
        212,
        173,
        null,
        39,
        null,
        null,
        null,
        1,
        2,
        null,
        null,
        1,
        1,
        null,
        null,
        1,
        4,
        4,
        null,
        null,
        1,
        null,
        1,
        212,
        212,
        807,
        807,
        null,
        null,
        212,
        null,
        null,
        1,
        173,
        173,
        null,
        173,
        null,
        null,
        null,
        null
      ],
      "/home/devbox/Dropbox/factory-helper/lib/factory-helper/number.rb": [
        1,
        1,
        1,
        1,
        232,
        null,
        null,
        1,
        4,
        4,
        4,
        null,
        null,
        1,
        2196,
        null,
        null,
        1,
        4,
        26,
        4,
        null,
        null,
        1,
        606,
        null,
        null,
        1,
        202,
        202,
        null,
        null,
        1,
        202,
        202,
        null,
        null,
        1,
        null,
        1,
        202,
        null,
        null,
        1,
        202,
        null,
        null,
        1,
        404,
        400,
        null,
        4,
        null,
        null,
        null,
        null,
        null
      ],
      "/home/devbox/Dropbox/factory-helper/lib/factory-helper/bitcoin.rb": [
        1,
        1,
        null,
        1,
        1,
        1,
        null,
        1,
        null,
        null,
        null,
        null,
        1,
        2,
        null,
        null,
        1,
        4,
        null,
        null,
        1,
        null,
        1,
        6,
        6,
        null,
        6,
        156,
        null,
        6,
        6,
        202,
        202,
        null,
        null,
        6,
        6,
        null,
        null,
        1,
        6,
        6,
        6,
        6,
        6,
        null,
        null,
        null,
        null
      ],
      "/home/devbox/Dropbox/factory-helper/lib/factory-helper/avatar.rb": [
        1,
        1,
        1,
        1,
        null,
        1,
        12,
        10,
        8,
        8,
        null,
        null,
        null,
        null
      ],
      "/home/devbox/Dropbox/factory-helper/lib/factory-helper/date.rb": [
        1,
        1,
        null,
        1,
        null,
        1,
        2216,
        2214,
        null,
        2214,
        null,
        null,
        1,
        604,
        604,
        null,
        604,
        null,
        null,
        1,
        604,
        604,
        null,
        604,
        null,
        null,
        1,
        400,
        400,
        400,
        null,
        400,
        null,
        null,
        1,
        null,
        1,
        4430,
        4428,
        4428,
        null,
        null,
        null,
        null
      ],
      "/home/devbox/Dropbox/factory-helper/lib/factory-helper/time.rb": [
        1,
        1,
        1,
        0,
        0,
        0,
        0,
        0,
        0,
        0,
        null,
        null,
        1,
        1,
        1208,
        null,
        null,
        1,
        402,
        null,
        null,
        1,
        402,
        null,
        null,
        1,
        null,
        1,
        2012,
        null,
        null,
        1,
        2012,
        2010,
        null,
        2010,
        null,
        null,
        1,
        2010,
        null,
        null,
        1,
        4020,
        null,
        null,
        null,
        null
      ],
      "/home/devbox/Dropbox/factory-helper/lib/factory-helper/hacker.rb": [
        null,
        1,
        1,
        1,
        null,
        1,
        1,
        0,
        null,
        null,
        135,
        111,
        219,
        123,
        27,
        null,
        1,
        12,
        null,
        null,
        null,
        null,
        null,
        null,
        null,
        null,
        null,
        null,
        null,
        null,
        null
      ],
      "/home/devbox/Dropbox/factory-helper/lib/factory-helper/app.rb": [
        1,
        1,
        1,
        null,
        1,
        0,
        null,
        null,
        1,
        0,
        0,
        null,
        0,
        null,
        null,
        null,
        1,
        2,
        null,
        null,
        null,
        null
      ],
      "/home/devbox/Dropbox/factory-helper/lib/factory-helper/slack_emoji.rb": [
        1,
        1,
        1,
        null,
        1,
        1,
        null,
        null,
        1,
        2,
        null,
        null,
        1,
        1,
        null,
        null,
        1,
        1,
        null,
        null,
        1,
        1,
        null,
        null,
        1,
        1,
        null,
        null,
        1,
        1,
        null,
        null,
        1,
        1,
        null,
        null,
        1,
        1,
        null,
        null,
        null,
        null,
        null
      ],
      "/home/devbox/Dropbox/factory-helper/lib/factory-helper/string.rb": [
        1,
        1,
        1,
        0,
        0,
        null,
        0,
        null,
        null,
        null,
        1,
        null,
        1,
        0,
        0,
        0,
        null,
        null,
        1,
        null,
        0,
        null,
        null,
        null,
        null,
        null,
        null,
        null
      ],
      "/home/devbox/Dropbox/factory-helper/test/test_en_au_ocker_locale.rb": [
        1,
        null,
        1,
        1,
        1,
        null,
        null,
        1,
        1,
        null,
        null,
        1,
        1,
        null,
        1,
        1,
        1,
        1,
        1,
        1,
        null,
        null,
        null
      ],
      "/home/devbox/Dropbox/factory-helper/test/test_en_ca_locale.rb": [
        1,
        null,
        1,
        1,
        1,
        1,
        null,
        null,
        1,
        1,
        null,
        null,
        1,
        1,
        1,
        null,
        null,
        null
      ],
      "/home/devbox/Dropbox/factory-helper/test/test_en_locale.rb": [
        1,
        null,
        1,
        1,
        2,
        null,
        null,
        1,
        2,
        null,
        null,
        1,
        1,
        1,
        1,
        1,
        null,
        null,
        1,
        1,
        1,
        1,
        null,
        null,
        null
      ],
      "/home/devbox/Dropbox/factory-helper/test/test_en_us_locale.rb": [
        1,
        null,
        1,
        1,
        6,
        null,
        null,
        1,
        6,
        null,
        null,
        1,
        1,
        1,
        null,
        null,
        1,
        1,
        1,
        1,
        1,
        null,
        null,
        1,
        1,
        null,
        1,
        1,
        1,
        null,
        1,
        1,
        1,
        null,
        null,
        1,
        1,
        null,
        null,
        1,
        1,
        null,
        null,
        1,
        1,
        2,
        null,
        null,
        1,
        null,
        1,
        null,
        1,
        1,
        1,
        null,
        null,
        null,
        1,
        1,
        1,
        1,
        1,
        1,
        1,
        1,
        1,
        1,
        1,
        1,
        1,
        1,
        1,
        1,
        1,
        1,
        null,
        null,
        null
      ],
      "/home/devbox/Dropbox/factory-helper/test/test_es_locale.rb": [
        1,
        null,
        1,
        2,
        2,
        null,
        null,
        1,
        1,
        4,
        null,
        null,
        1,
        1,
        1,
        1,
        null,
        null,
        1,
        1,
        1,
        null,
        null,
        1,
        1,
        1,
        null,
        null,
        1,
        1,
        1,
        1,
        null,
        null
      ],
      "/home/devbox/Dropbox/factory-helper/test/test_factory_helper.rb": [
        1,
        null,
        1,
        null,
        1,
        null,
        null,
        1,
        1,
        100,
        null,
        null,
        null,
        1,
        1,
        null,
        null,
        1,
        null,
        null,
        null,
        1,
        2,
        20,
        null,
        null,
        null,
        null,
        null
      ],
      "/home/devbox/Dropbox/factory-helper/test/test_factory_helper_app.rb": [
        1,
        null,
        1,
        1,
        1,
        null,
        null,
        1,
        1,
        null,
        null,
        null
      ],
      "/home/devbox/Dropbox/factory-helper/test/test_factory_helper_bitcoin.rb": [
        1,
        null,
        1,
        null,
        1,
        1,
        null,
        null,
        1,
        1,
        1,
        null,
        null,
        null
      ],
      "/home/devbox/Dropbox/factory-helper/test/test_factory_helper_business.rb": [
        1,
        null,
        1,
        null,
        1,
        3,
        3,
        3,
        3,
        null,
        null,
        1,
        1,
        1,
        1,
        1,
        null,
        null,
        1,
        1,
        1,
        5,
        5,
        null,
        null,
        1,
        1,
        1,
        1,
        1,
        null,
        null,
        null
      ],
      "/home/devbox/Dropbox/factory-helper/test/test_factory_helper_city.rb": [
        1,
        null,
        1,
        1,
        2,
        2,
        null,
        null,
        null,
        null,
        null,
        2,
        null,
        2,
        null,
        null,
        null,
        null,
        null,
        null,
        null,
        null,
        null,
        null,
        2,
        null,
        null,
        1,
        1,
        1,
        100,
        100,
        100,
        null,
        null,
        null,
        null,
        1,
        1,
        1,
        1,
        1,
        null,
        null,
        null,
        null
      ],
      "/home/devbox/Dropbox/factory-helper/test/test_factory_helper_code.rb": [
        1,
        null,
        1,
        1,
        5,
        null,
        null,
        1,
        1,
        null,
        null,
        1,
        1,
        null,
        null,
        1,
        1,
        null,
        null,
        1,
        1,
        null,
        null,
        1,
        1,
        null,
        null
      ],
      "/home/devbox/Dropbox/factory-helper/test/test_factory_helper_commerce.rb": [
        1,
        null,
        1,
        null,
        1,
        11,
        null,
        null,
        1,
        1,
        null,
        null,
        1,
        1,
        null,
        null,
        1,
        1,
        null,
        null,
        1,
        1,
        null,
        null,
        1,
        1,
        null,
        null,
        null,
        null,
        null,
        null,
        null,
        null,
        1,
        1,
        1,
        1,
        null,
        null,
        null,
        1,
        1,
        null,
        null,
        1,
        1,
        100,
        null,
        null,
        null,
        1,
        1,
        null,
        1,
        1,
        null,
        null,
        1,
        1,
        null,
        null,
        1,
        1,
        null,
        null,
        1,
        1,
        null,
        null
      ],
      "/home/devbox/Dropbox/factory-helper/test/test_factory_helper_company.rb": [
        1,
        null,
        1,
        1,
        4,
        null,
        null,
        1,
        1,
        null,
        null,
        1,
        1,
        null,
        null,
        1,
        1,
        null,
        null,
        1,
        1,
        null,
        null
      ],
      "/home/devbox/Dropbox/factory-helper/test/test_factory_helper_date.rb": [
        1,
        null,
        1,
        1,
        7,
        null,
        null,
        1,
        1,
        1,
        null,
        1,
        100,
        100,
        100,
        null,
        null,
        null,
        1,
        1,
        null,
        1,
        100,
        100,
        null,
        null,
        null,
        1,
        1,
        null,
        1,
        100,
        100,
        null,
        null,
        null,
        1,
        1,
        1,
        1,
        null,
        1,
        3,
        null,
        null,
        null,
        1,
        1,
        1,
        null,
        null,
        null,
        1,
        1,
        1,
        1,
        100,
        100,
        100,
        100,
        100,
        100,
        null,
        null,
        null,
        1,
        1,
        1,
        1,
        100,
        100,
        100,
        100,
        100,
        100,
        null,
        null,
        null
      ],
      "/home/devbox/Dropbox/factory-helper/test/test_factory_helper_hacker_talk.rb": [
        1,
        null,
        1,
        1,
        6,
        6,
        null,
        null,
        1,
        1,
        1,
        8,
        8,
        null,
        null,
        null,
        1,
        1,
        null,
        null,
        1,
        1,
        null,
        null,
        1,
        1,
        null,
        null,
        1,
        1,
        null,
        null,
        1,
        1,
        null,
        null,
        null
      ],
      "/home/devbox/Dropbox/factory-helper/test/test_factory_helper_internet.rb": [
        1,
        null,
        1,
        null,
        1,
        23,
        null,
        null,
        1,
        1,
        null,
        null,
        1,
        1,
        null,
        null,
        1,
        1,
        null,
        null,
        1,
        1,
        null,
        null,
        1,
        1,
        null,
        null,
        1,
        1,
        32,
        null,
        null,
        null,
        1,
        1,
        32,
        528,
        528,
        528,
        null,
        null,
        null,
        null,
        1,
        1,
        32,
        528,
        528,
        528,
        null,
        null,
        null,
        null,
        1,
        1,
        32,
        528,
        528,
        528,
        null,
        null,
        null,
        null,
        1,
        1,
        null,
        null,
        1,
        1,
        32,
        null,
        null,
        null,
        1,
        1,
        32,
        32,
        null,
        null,
        null,
        1,
        1,
        null,
        null,
        1,
        1,
        null,
        null,
        1,
        1,
        null,
        null,
        1,
        1,
        null,
        1,
        5000,
        null,
        null,
        null,
        1,
        1,
        1,
        null,
        1,
        7000,
        null,
        null,
        1,
        1,
        null,
        null,
        1,
        1,
        null,
        1,
        2000,
        null,
        null,
        null,
        1,
        1,
        null,
        null,
        1,
        1,
        null,
        null,
        1,
        1,
        null,
        null,
        1,
        1,
        null,
        null,
        1,
        1,
        null,
        null
      ],
      "/home/devbox/Dropbox/factory-helper/test/test_factory_helper_lorem.rb": [
        1,
        null,
        1,
        null,
        1,
        11,
        11,
        11,
        null,
        null,
        null,
        1,
        1,
        null,
        null,
        1,
        1,
        null,
        null,
        1,
        1,
        null,
        null,
        1,
        1001,
        null,
        null,
        null,
        1,
        1,
        1001,
        null,
        null,
        null,
        1,
        1,
        10001,
        null,
        null,
        null,
        1,
        1,
        1,
        1001,
        null,
        null,
        1,
        1,
        1,
        1,
        1,
        null,
        null,
        1,
        1,
        1,
        1,
        1,
        null,
        1,
        1,
        1,
        1,
        null,
        null,
        1,
        1,
        1,
        1,
        1,
        null,
        1,
        1,
        1,
        1,
        null,
        null,
        1,
        1,
        1,
        1,
        null,
        1,
        1,
        1,
        null,
        null
      ],
      "/home/devbox/Dropbox/factory-helper/test/test_factory_helper_name.rb": [
        1,
        null,
        1,
        null,
        1,
        5,
        5,
        5,
        null,
        null,
        1,
        5,
        null,
        null,
        1,
        1,
        null,
        null,
        1,
        1,
        null,
        null,
        1,
        1,
        null,
        null,
        1,
        1,
        8,
        8,
        8,
        null,
        null,
        null,
        1,
        1,
        1,
        null,
        null,
        1,
        null,
        1,
        9,
        3456,
        null,
        null,
        null,
        1,
        9,
        864,
        null,
        null,
        null,
        null
      ],
      "/home/devbox/Dropbox/factory-helper/test/test_factory_helper_number.rb": [
        1,
        null,
        1,
        1,
        10,
        null,
        null,
        1,
        1,
        null,
        1,
        10,
        10,
        null,
        null,
        1,
        1,
        1,
        null,
        null,
        1,
        1,
        1,
        null,
        null,
        1,
        1,
        1001,
        null,
        null,
        1,
        1,
        100,
        100,
        100,
        null,
        null,
        null,
        1,
        1,
        100,
        100,
        100,
        null,
        null,
        null,
        1,
        1,
        100,
        100,
        100,
        null,
        null,
        null,
        1,
        1,
        1,
        1,
        null,
        null,
        1,
        1,
        1,
        1,
        null,
        null,
        1,
        1,
        1,
        1,
        null,
        null,
        1,
        1,
        1,
        null,
        null
      ],
      "/home/devbox/Dropbox/factory-helper/test/test_factory_helper_slack_emoji.rb": [
        1,
        null,
        1,
        null,
        1,
        9,
        9,
        null,
        null,
        1,
        1,
        null,
        null,
        1,
        1,
        null,
        null,
        1,
        1,
        null,
        null,
        1,
        1,
        null,
        null,
        1,
        1,
        null,
        null,
        1,
        1,
        null,
        null,
        1,
        1,
        null,
        null,
        1,
        1,
        null,
        null,
        1,
        1,
        null,
        null
      ],
      "/home/devbox/Dropbox/factory-helper/test/test_factory_helper_street.rb": [
        1,
        null,
        1,
        1,
        5,
        5,
        null,
        null,
        null,
        null,
        null,
        null,
        null,
        null,
        null,
        null,
        null,
        null,
        null,
        5,
        null,
        null,
        1,
        1,
        1,
        null,
        null,
        null,
        1,
        1,
        1,
        null,
        null,
        null,
        1,
        1,
        1,
        null,
        null,
        null,
        1,
        1,
        1,
        null,
        null,
        null,
        1,
        1,
        1,
        null,
        null,
        null,
        null
      ],
      "/home/devbox/Dropbox/factory-helper/test/test_factory_helper_team.rb": [
        1,
        null,
        1,
        null,
        1,
        1,
        null,
        null,
        1,
        1,
        null,
        null,
        null
      ],
      "/home/devbox/Dropbox/factory-helper/test/test_factory_helper_time.rb": [
        1,
        null,
        1,
        1,
        6,
        6,
        null,
        null,
        1,
        1,
        1,
        null,
        1,
        100,
        100,
        100,
        null,
        null,
        null,
        1,
        1,
        null,
        1,
        100,
        100,
        null,
        null,
        null,
        1,
        1,
        null,
        1,
        100,
        100,
        null,
        null,
        null,
        1,
        1,
        1,
        null,
        1,
        1,
        null,
        null,
        null,
        1,
        1,
        1,
        1,
        null,
        1,
        3,
        null,
        null,
        null,
        1,
        1,
        1,
        null,
        1,
        100,
        100,
        null,
        100,
        100,
        100,
        null,
        100,
        300,
        null,
        null,
        null,
        null
      ],
      "/home/devbox/Dropbox/factory-helper/test/test_flexible.rb": [
        1,
        null,
        1,
        1,
        1,
        null,
        null,
        null,
        1,
        null,
        1,
        6,
        6,
        6,
        6,
        6,
        null,
        null,
        1,
        1,
        1,
        1,
        null,
        null,
        null,
        1,
        1,
        1,
        null,
        null,
        null,
        1,
        1,
        1,
        1,
        null,
        null,
        null,
        null,
        1,
        1,
        1,
        null,
        null,
        null,
        1,
        1,
        1,
        null,
        null,
        null,
        1,
        1,
        1,
        null,
        null,
        null
      ],
      "/home/devbox/Dropbox/factory-helper/test/test_locale.rb": [
        1,
        null,
        1,
        2,
        2,
        null,
        null,
        1,
        1,
        6,
        null,
        null,
        1,
        1,
        1,
        1,
        1,
        null,
        null,
        1,
        1,
        1,
        null,
        null,
        1,
        1,
        1,
        null,
        null,
        1,
        1,
        1,
        1,
        null,
        null,
        1,
        1,
        1,
        1,
        null,
        null,
        1,
        1,
        null,
        null
      ],
      "/home/devbox/Dropbox/factory-helper/test/test_pl_locale.rb": [
        1,
        null,
        1,
        1,
        2,
        2,
        2,
        null,
        null,
        1,
        2,
        null,
        null,
        1,
        1,
        999,
        null,
        null,
        null,
        null,
        1,
        1,
        999,
        null,
        null,
        null,
        null
      ],
      "/home/devbox/Dropbox/factory-helper/test/legacy/test_array_sample_method_compat.rb": [
        1,
        null,
        null,
        null,
        null,
        null,
        1,
        null,
        1,
        1,
        null,
        1,
        1,
        null,
        1,
        1,
        null,
        null,
        1,
        1,
        1,
        1,
        null,
        null,
        1,
        1,
        1,
        1,
        null,
        null,
        1,
        1,
        1,
        1,
        1,
        1,
        null,
        null,
        1,
        1,
        1,
        1,
        1,
        null,
        1,
        1,
        1,
        null,
        null,
        1,
        1,
        1,
        1,
        null,
        null,
        null
      ],
      "/home/devbox/Dropbox/factory-helper/test/legacy/test_avatar.rb": [
        1,
        null,
        1,
        1,
        6,
        null,
        null,
        1,
        1,
        null,
        null,
        1,
        1,
        null,
        null,
        1,
        1,
        null,
        null,
        1,
        1,
        1,
        null,
        null,
        null,
        1,
        1,
        null,
        null,
        1,
        1,
        1,
        null,
        null,
        null,
        null
      ],
      "/home/devbox/Dropbox/factory-helper/test/legacy/test_en_au_ocker_locale.rb": [
        1,
        null,
        1,
        1,
        1,
        null,
        null,
        1,
        1,
        null,
        null,
        1,
        1,
        null,
        1,
        1,
        1,
        1,
        1,
        1,
        null,
        null,
        null
      ],
      "/home/devbox/Dropbox/factory-helper/test/legacy/test_en_ca_locale.rb": [
        1,
        null,
        1,
        1,
        1,
        1,
        null,
        null,
        1,
        1,
        null,
        null,
        1,
        1,
        1,
        null,
        null,
        null
      ],
      "/home/devbox/Dropbox/factory-helper/test/legacy/test_en_locale.rb": [
        1,
        null,
        1,
        1,
        2,
        null,
        null,
        1,
        2,
        null,
        null,
        1,
        1,
        1,
        1,
        1,
        null,
        null,
        1,
        1,
        1,
        1,
        null,
        null,
        null
      ],
      "/home/devbox/Dropbox/factory-helper/test/legacy/test_en_us_locale.rb": [
        1,
        null,
        1,
        1,
        6,
        null,
        null,
        1,
        6,
        null,
        null,
        1,
        1,
        1,
        null,
        null,
        1,
        1,
        1,
        1,
        1,
        null,
        null,
        1,
        1,
        null,
        1,
        1,
        1,
        null,
        1,
        1,
        1,
        null,
        null,
        1,
        1,
        null,
        null,
        1,
        1,
        null,
        null,
        1,
        1,
        2,
        null,
        null,
        1,
        null,
        1,
        null,
        1,
        1,
        1,
        null,
        null,
        null,
        1,
        1,
        1,
        1,
        1,
        1,
        1,
        1,
        1,
        1,
        1,
        1,
        1,
        1,
        1,
        1,
        1,
        1,
        null,
        null,
        null
      ],
      "/home/devbox/Dropbox/factory-helper/test/legacy/test_es_locale.rb": [
        1,
        null,
        1,
        2,
        2,
        null,
        null,
        1,
        1,
        4,
        null,
        null,
        1,
        1,
        1,
        1,
        null,
        null,
        1,
        1,
        1,
        null,
        null,
        1,
        1,
        1,
        null,
        null,
        1,
        1,
        1,
        1,
        null,
        null
      ],
      "/home/devbox/Dropbox/factory-helper/test/legacy/test_faker.rb": [
        1,
        null,
        1,
        null,
        1,
        null,
        null,
        1,
        1,
        100,
        null,
        null,
        null,
        1,
        1,
        null,
        null,
        1,
        null,
        null,
        null,
        1,
        2,
        20,
        null,
        null,
        null,
        null,
        null
      ],
      "/home/devbox/Dropbox/factory-helper/test/legacy/test_faker_app.rb": [
        1,
        null,
        1,
        1,
        1,
        null,
        null,
        1,
        1,
        null,
        null,
        null
      ],
      "/home/devbox/Dropbox/factory-helper/test/legacy/test_faker_bitcoin.rb": [
        1,
        null,
        1,
        null,
        1,
        1,
        null,
        null,
        1,
        1,
        1,
        null,
        null,
        null
      ],
      "/home/devbox/Dropbox/factory-helper/test/legacy/test_faker_business.rb": [
        1,
        null,
        1,
        null,
        1,
        3,
        3,
        3,
        3,
        null,
        null,
        1,
        1,
        1,
        1,
        1,
        null,
        null,
        1,
        1,
        1,
        5,
        5,
        null,
        null,
        1,
        1,
        1,
        1,
        1,
        null,
        null,
        null
      ],
      "/home/devbox/Dropbox/factory-helper/test/legacy/test_faker_city.rb": [
        1,
        null,
        1,
        1,
        2,
        2,
        null,
        null,
        null,
        null,
        null,
        2,
        null,
        2,
        null,
        null,
        null,
        null,
        null,
        null,
        null,
        null,
        null,
        null,
        2,
        null,
        null,
        1,
        1,
        1,
        100,
        100,
        100,
        null,
        null,
        null,
        null,
        1,
        1,
        1,
        1,
        1,
        null,
        null,
        null,
        null
      ],
      "/home/devbox/Dropbox/factory-helper/test/legacy/test_faker_code.rb": [
        1,
        null,
        1,
        1,
        5,
        null,
        null,
        1,
        1,
        null,
        null,
        1,
        1,
        null,
        null,
        1,
        1,
        null,
        null,
        1,
        1,
        null,
        null,
        1,
        1,
        null,
        null
      ],
      "/home/devbox/Dropbox/factory-helper/test/legacy/test_faker_commerce.rb": [
        1,
        null,
        1,
        null,
        1,
        12,
        null,
        null,
        1,
        1,
        null,
        null,
        1,
        1,
        null,
        null,
        1,
        1,
        null,
        null,
        1,
        1,
        null,
        null,
        1,
        1,
        null,
        null,
        null,
        null,
        null,
        null,
        null,
        null,
        1,
        1,
        1,
        1,
        null,
        null,
        null,
        1,
        1,
        null,
        null,
        1,
        1,
        100,
        null,
        null,
        null,
        1,
        1,
        null,
        1,
        1,
        null,
        null,
        1,
        1,
        null,
        null,
        1,
        1,
        null,
        null,
        1,
        1,
        null,
        null,
        1,
        1,
        null,
        null
      ],
      "/home/devbox/Dropbox/factory-helper/test/legacy/test_faker_company.rb": [
        1,
        null,
        1,
        1,
        3,
        null,
        null,
        1,
        1,
        null,
        null,
        1,
        1,
        null,
        null,
        1,
        1,
        null,
        null
      ],
      "/home/devbox/Dropbox/factory-helper/test/legacy/test_faker_date.rb": [
        1,
        null,
        1,
        1,
        7,
        null,
        null,
        1,
        1,
        1,
        null,
        1,
        100,
        100,
        100,
        null,
        null,
        null,
        1,
        1,
        null,
        1,
        100,
        100,
        null,
        null,
        null,
        1,
        1,
        null,
        1,
        100,
        100,
        null,
        null,
        null,
        1,
        1,
        1,
        1,
        null,
        1,
        3,
        null,
        null,
        null,
        1,
        1,
        1,
        null,
        null,
        null,
        1,
        1,
        1,
        1,
        100,
        100,
        100,
        100,
        100,
        100,
        null,
        null,
        1,
        1,
        1,
        1,
        100,
        100,
        100,
        100,
        100,
        100,
        null,
        null,
        null
      ],
      "/home/devbox/Dropbox/factory-helper/test/legacy/test_faker_hacker_talk.rb": [
        1,
        null,
        1,
        1,
        6,
        6,
        null,
        null,
        1,
        1,
        1,
        8,
        8,
        null,
        null,
        null,
        1,
        1,
        null,
        null,
        1,
        1,
        null,
        null,
        1,
        1,
        null,
        null,
        1,
        1,
        null,
        null,
        1,
        1,
        null,
        null,
        null
      ],
      "/home/devbox/Dropbox/factory-helper/test/legacy/test_faker_internet.rb": [
        1,
        null,
        1,
        null,
        1,
        23,
        null,
        null,
        1,
        1,
        null,
        null,
        1,
        1,
        null,
        null,
        1,
        1,
        null,
        null,
        1,
        1,
        null,
        null,
        1,
        1,
        null,
        null,
        1,
        1,
        32,
        null,
        null,
        null,
        1,
        1,
        32,
        528,
        528,
        528,
        null,
        null,
        null,
        null,
        1,
        1,
        32,
        528,
        528,
        528,
        null,
        null,
        null,
        null,
        1,
        1,
        32,
        528,
        528,
        528,
        null,
        null,
        null,
        null,
        1,
        1,
        null,
        null,
        1,
        1,
        32,
        null,
        null,
        null,
        1,
        1,
        32,
        32,
        null,
        null,
        null,
        1,
        1,
        null,
        null,
        1,
        1,
        null,
        null,
        1,
        1,
        null,
        null,
        1,
        1,
        null,
        1,
        5000,
        null,
        null,
        null,
        1,
        1,
        1,
        null,
        1,
        7000,
        null,
        null,
        1,
        1,
        null,
        null,
        1,
        1,
        null,
        1,
        2000,
        null,
        null,
        null,
        1,
        1,
        null,
        null,
        1,
        1,
        null,
        null,
        1,
        1,
        null,
        null,
        1,
        1,
        null,
        null,
        1,
        1,
        null,
        null
      ],
      "/home/devbox/Dropbox/factory-helper/test/legacy/test_faker_lorem.rb": [
        1,
        null,
        1,
        null,
        1,
        11,
        11,
        11,
        null,
        null,
        null,
        1,
        1,
        null,
        null,
        1,
        1,
        null,
        null,
        1,
        1,
        null,
        null,
        1,
        1001,
        null,
        null,
        null,
        1,
        1,
        1001,
        null,
        null,
        null,
        1,
        1,
        10001,
        null,
        null,
        null,
        1,
        1,
        1,
        1001,
        null,
        null,
        1,
        1,
        1,
        1,
        1,
        null,
        null,
        1,
        1,
        1,
        1,
        1,
        null,
        1,
        1,
        1,
        1,
        null,
        null,
        1,
        1,
        1,
        1,
        1,
        null,
        1,
        1,
        1,
        1,
        null,
        null,
        1,
        1,
        1,
        1,
        null,
        1,
        1,
        1,
        null,
        null
      ],
      "/home/devbox/Dropbox/factory-helper/test/legacy/test_faker_name.rb": [
        1,
        null,
        1,
        null,
        1,
        3,
        null,
        null,
        1,
        1,
        null,
        null,
        1,
        1,
        null,
        null,
        1,
        1,
        null,
        null
      ],
      "/home/devbox/Dropbox/factory-helper/test/legacy/test_faker_number.rb": [
        1,
        null,
        1,
        1,
        10,
        null,
        null,
        1,
        1,
        null,
        1,
        10,
        10,
        null,
        null,
        1,
        1,
        1,
        null,
        null,
        1,
        1,
        1,
        null,
        null,
        1,
        1,
        1001,
        null,
        null,
        1,
        1,
        100,
        100,
        100,
        null,
        null,
        null,
        1,
        1,
        100,
        100,
        100,
        null,
        null,
        null,
        1,
        1,
        100,
        100,
        100,
        null,
        null,
        null,
        1,
        1,
        1,
        1,
        null,
        null,
        1,
        1,
        1,
        1,
        null,
        null,
        1,
        1,
        1,
        1,
        null,
        null,
        1,
        1,
        1,
        null,
        null
      ],
      "/home/devbox/Dropbox/factory-helper/test/legacy/test_faker_street.rb": [
        1,
        null,
        1,
        1,
        5,
        5,
        null,
        null,
        null,
        null,
        null,
        null,
        null,
        null,
        null,
        null,
        null,
        null,
        null,
        5,
        null,
        null,
        1,
        1,
        1,
        null,
        null,
        null,
        1,
        1,
        1,
        null,
        null,
        null,
        1,
        1,
        1,
        null,
        null,
        null,
        1,
        1,
        1,
        null,
        null,
        null,
        1,
        1,
        1,
        null,
        null,
        null,
        null
      ],
      "/home/devbox/Dropbox/factory-helper/test/legacy/test_faker_team.rb": [
        1,
        null,
        1,
        null,
        1,
        1,
        null,
        null,
        1,
        1,
        null,
        null,
        null
      ],
      "/home/devbox/Dropbox/factory-helper/test/legacy/test_faker_time.rb": [
        1,
        null,
        1,
        1,
        6,
        6,
        null,
        null,
        1,
        1,
        1,
        null,
        1,
        100,
        100,
        100,
        null,
        null,
        null,
        1,
        1,
        null,
        1,
        100,
        100,
        null,
        null,
        null,
        1,
        1,
        null,
        1,
        100,
        100,
        null,
        null,
        null,
        1,
        1,
        1,
        null,
        1,
        1,
        null,
        null,
        null,
        1,
        1,
        1,
        1,
        null,
        1,
        3,
        null,
        null,
        null,
        1,
        1,
        1,
        null,
        1,
        100,
        100,
        null,
        100,
        100,
        100,
        null,
        100,
        300,
        null,
        null,
        null,
        null
      ],
      "/home/devbox/Dropbox/factory-helper/test/legacy/test_flexible.rb": [
        1,
        null,
        1,
        1,
        1,
        null,
        null,
        null,
        1,
        null,
        1,
        6,
        6,
        6,
        6,
        6,
        null,
        null,
        1,
        1,
        1,
        1,
        null,
        null,
        null,
        1,
        1,
        1,
        null,
        null,
        null,
        1,
        1,
        1,
        1,
        null,
        null,
        null,
        null,
        1,
        1,
        1,
        null,
        null,
        null,
        1,
        1,
        1,
        null,
        null,
        null,
        1,
        1,
        1,
        null,
        null,
        null
      ],
      "/home/devbox/Dropbox/factory-helper/test/legacy/test_locale.rb": [
        1,
        null,
        1,
        2,
        2,
        null,
        null,
        1,
        1,
        6,
        null,
        null,
        1,
        1,
        1,
        1,
        1,
        null,
        null,
        1,
        1,
        1,
        null,
        null,
        1,
        1,
        1,
        null,
        null,
        1,
        1,
        1,
        1,
        null,
        null,
        1,
        1,
        1,
        1,
        null,
        null,
        1,
        1,
        null,
        null
      ],
      "/home/devbox/Dropbox/factory-helper/test/legacy/test_pl_locale.rb": [
        1,
        null,
        1,
        1,
        2,
        2,
        2,
        null,
        null,
        1,
        2,
        null,
        null,
        1,
        1,
        999,
        null,
        null,
        null,
        null,
        1,
        1,
        999,
        null,
        null,
        null,
        null
      ]
    },
    "timestamp": 1432328472
  },
  "RSpec": {
    "coverage": {
      "/home/devbox/Dropbox/factory-helper/lib/factory-helper.rb": [
        null,
        1,
        null,
        1,
        1,
        null,
        null,
        null,
        1,
        1,
        null,
        1,
        1,
        null,
        1,
        null,
        1,
        1,
        1,
        null,
        1,
        1,
        1,
        3,
        null,
        null,
        null,
        null,
        1,
        1,
        1,
        1,
        null,
        1,
        null,
        1,
        0,
        null,
        null,
        1,
        0,
        null,
        null,
        1,
        0,
        null,
        null,
        null,
        null,
        null,
        null,
        null,
        null,
        null,
        null,
        null,
        null,
        null,
        null,
        null,
        null,
        null,
        null,
        null,
        null,
        null,
        1,
        0,
        null,
        null,
        null,
        0,
        0,
        0,
        0,
        0,
        0,
        0,
        0,
        null,
        null,
        null,
        null,
        1,
        0,
        0,
        0,
        0,
        null,
        0,
        null,
        null,
        null,
        null,
        null,
        null,
        1,
        null,
        null,
        null,
        0,
        null,
        null,
        null,
        0,
        null,
        null,
        null,
        0,
        null,
        null,
        0,
        0,
        null,
        null,
        null,
        null,
        1,
        0,
        0,
        0,
        0,
        null,
        null,
        null,
        null,
        0,
        null,
        null,
        1,
        6,
        null,
        null,
        null,
        null,
        null,
        null,
        null,
        1,
        0,
        null,
        null,
        0,
        0,
        null,
        0,
        null,
        null,
        null,
        null,
        1,
        0,
        0,
        null,
        null,
        null,
        null,
        null,
        1,
        null,
        1,
        1,
        1,
        1,
        1,
        1,
        1,
        1,
        1,
        1,
        1,
        1,
        1,
        1,
        1,
        1,
        1,
        1,
        1,
        1,
        1,
        1
      ],
      "/home/devbox/Dropbox/factory-helper/lib/factory-helper/address.rb": [
        1,
        1,
        1,
        null,
        1,
        1,
        0,
        null,
        null,
        1,
        0,
        null,
        null,
        1,
        0,
        null,
        null,
        1,
        0,
        null,
        null,
        1,
        0,
        null,
        null,
        1,
        0,
        null,
        null,
        null,
        0,
        null,
        null,
        1,
        0,
        null,
        null,
        1,
        1,
        null,
        1,
        1,
        1,
        1,
        1,
        1,
        1,
        null,
        1,
        0,
        null,
        null,
        1,
        0,
        null,
        null,
        null,
        null,
        null
      ],
      "/home/devbox/Dropbox/factory-helper/lib/factory-helper/code.rb": [
        1,
        1,
        1,
        null,
        null,
        1,
        0,
        null,
        null,
        null,
        null,
        1,
        0,
        null,
        null,
        1,
        0,
        0,
        0,
        null,
        null,
        1,
        null,
        1,
        0,
        0,
        0,
        null,
        null,
        1,
        0,
        0,
        0,
        null,
        null,
        1,
        0,
        0,
        null,
        null,
        null,
        1,
        0,
        0,
        0,
        null,
        null,
        1,
        0,
        0,
        0,
        null,
        null,
        1,
        1,
        null,
        1,
        0,
        0,
        null,
        null,
        null,
        null
      ],
      "/home/devbox/Dropbox/factory-helper/lib/factory-helper/company.rb": [
        1,
        1,
        1,
        null,
        1,
        1,
        0,
        null,
        null,
        1,
        0,
        null,
        null,
        null,
        1,
        0,
        null,
        null,
        1,
        0,
        null,
        null,
        null,
        1,
        0,
        null,
        null,
        1,
        0,
        null,
        null,
        1,
        0,
        null,
        null,
        null,
        1,
        0,
        0,
        null,
        null,
        null,
        null,
        null
      ],
      "/home/devbox/Dropbox/factory-helper/lib/factory-helper/finance.rb": [
        1,
        1,
        1,
        null,
        1,
        1,
        0,
        0,
        0,
        null,
        null,
        0,
        0,
        0,
        0,
        null,
        null,
        null,
        0,
        null,
        0,
        0,
        null,
        null,
        null,
        null
      ],
      "/home/devbox/Dropbox/factory-helper/lib/factory-helper/internet.rb": [
        null,
        1,
        1,
        1,
        1,
        0,
        null,
        null,
        1,
        0,
        null,
        null,
        1,
        0,
        null,
        null,
        1,
        0,
        0,
        null,
        0,
        null,
        0,
        0,
        0,
        0,
        0,
        null,
        0,
        null,
        0,
        null,
        0,
        0,
        0,
        0,
        null,
        null,
        0,
        0,
        null,
        null,
        0,
        0,
        null,
        null,
        null,
        1,
        0,
        0,
        0,
        0,
        0,
        null,
        0,
        0,
        null,
        null,
        1,
        0,
        null,
        null,
        1,
        0,
        0,
        null,
        null,
        null,
        null,
        null,
        null,
        null,
        null,
        1,
        0,
        null,
        null,
        1,
        0,
        null,
        null,
        1,
        0,
        0,
        0,
        null,
        null,
        1,
        0,
        null,
        null,
        null,
        0,
        null,
        null,
        1,
        0,
        0,
        0,
        null,
        null,
        1,
        0,
        null,
        null,
        1,
        0,
        0,
        null,
        null,
        1,
        0,
        null,
        null,
        null,
        null
      ],
      "/home/devbox/Dropbox/factory-helper/lib/factory-helper/lorem.rb": [
        1,
        null,
        1,
        1,
        1,
        0,
        null,
        null,
        1,
        0,
        0,
        null,
        0,
        null,
        0,
        0,
        null,
        null,
        1,
        0,
        null,
        null,
        1,
        0,
        0,
        0,
        null,
        null,
        1,
        0,
        null,
        null,
        1,
        0,
        0,
        0,
        null,
        null,
        null,
        null,
        1,
        0,
        null,
        null,
        1,
        0,
        0,
        0,
        null,
        null,
        null,
        null,
        1,
        null,
        null,
        null,
        1,
        0,
        0,
        0,
        0,
        null,
        null,
        null,
        null,
        null
      ],
      "/home/devbox/Dropbox/factory-helper/lib/factory-helper/name.rb": [
        1,
        1,
        1,
        null,
        1,
        null,
        1,
        0,
        null,
        null,
        1,
        0,
        null,
        null,
        1,
        0,
        null,
        null,
        1,
        0,
        null,
        null,
        1,
        0,
        null,
        null,
        1,
        0,
        null,
        null,
        1,
        0,
        null,
        null,
        null,
        null,
        1,
        0,
        null,
        null,
        null,
        null,
        null
      ],
      "/home/devbox/Dropbox/factory-helper/lib/factory-helper/team.rb": [
        1,
        1,
        1,
        null,
        1,
        1,
        0,
        null,
        null,
        1,
        0,
        null,
        null,
        1,
        0,
        null,
        null,
        null,
        null,
        null
      ],
      "/home/devbox/Dropbox/factory-helper/lib/factory-helper/phone_number.rb": [
        1,
        1,
        1,
        1,
        0,
        0,
        null,
        0,
        null,
        null,
        null,
        1,
        0,
        0,
        null,
        0,
        null,
        null,
        null,
        null,
        1,
        0,
        0,
        0,
        0,
        null,
        null,
        null,
        null,
        1,
        0,
        0,
        0,
        0,
        null,
        null,
        null,
        null,
        null,
        null,
        1,
        0,
        0,
        0,
        0,
        null,
        null,
        null,
        1,
        null,
        null,
        null
      ],
      "/home/devbox/Dropbox/factory-helper/lib/factory-helper/business.rb": [
        1,
        null,
        1,
        1,
        1,
        null,
        1,
        1,
        0,
        null,
        null,
        1,
        0,
        null,
        null,
        1,
        0,
        null,
        null,
        null,
        null,
        null
      ],
      "/home/devbox/Dropbox/factory-helper/lib/factory-helper/commerce.rb": [
        1,
        1,
        null,
        1,
        1,
        0,
        null,
        null,
        1,
        0,
        0,
        null,
        0,
        null,
        0,
        0,
        null,
        0,
        null,
        null,
        null,
        1,
        0,
        null,
        null,
        1,
        0,
        null,
        null,
        1,
        0,
        0,
        null,
        null,
        1,
        null,
        1,
        0,
        0,
        0,
        0,
        null,
        null,
        0,
        null,
        null,
        1,
        0,
        0,
        null,
        0,
        null,
        null,
        null,
        null
      ],
      "/home/devbox/Dropbox/factory-helper/lib/factory-helper/number.rb": [
        1,
        1,
        1,
        1,
        0,
        null,
        null,
        1,
        0,
        0,
        0,
        null,
        null,
        1,
        0,
        null,
        null,
        1,
        0,
        0,
        0,
        null,
        null,
        1,
        0,
        null,
        null,
        1,
        0,
        0,
        null,
        null,
        1,
        0,
        0,
        null,
        null,
        1,
        null,
        1,
        0,
        null,
        null,
        1,
        0,
        null,
        null,
        1,
        0,
        0,
        null,
        0,
        null,
        null,
        null,
        null,
        null
      ],
      "/home/devbox/Dropbox/factory-helper/lib/factory-helper/bitcoin.rb": [
        1,
        1,
        null,
        1,
        1,
        1,
        null,
        1,
        null,
        null,
        null,
        null,
        1,
        0,
        null,
        null,
        1,
        0,
        null,
        null,
        1,
        null,
        1,
        0,
        0,
        null,
        0,
        0,
        null,
        0,
        0,
        0,
        0,
        null,
        null,
        0,
        0,
        null,
        null,
        1,
        0,
        0,
        0,
        0,
        0,
        null,
        null,
        null,
        null
      ],
      "/home/devbox/Dropbox/factory-helper/lib/factory-helper/avatar.rb": [
        1,
        1,
        1,
        1,
        null,
        1,
        0,
        0,
        0,
        0,
        null,
        null,
        null,
        null
      ],
      "/home/devbox/Dropbox/factory-helper/lib/factory-helper/date.rb": [
        1,
        1,
        null,
        1,
        null,
        1,
        0,
        0,
        null,
        0,
        null,
        null,
        1,
        0,
        0,
        null,
        0,
        null,
        null,
        1,
        0,
        0,
        null,
        0,
        null,
        null,
        1,
        0,
        0,
        0,
        null,
        0,
        null,
        null,
        1,
        null,
        1,
        0,
        0,
        0,
        null,
        null,
        null,
        null
      ],
      "/home/devbox/Dropbox/factory-helper/lib/factory-helper/time.rb": [
        1,
        1,
        1,
        0,
        0,
        0,
        0,
        0,
        0,
        0,
        null,
        null,
        1,
        1,
        0,
        null,
        null,
        1,
        0,
        null,
        null,
        1,
        0,
        null,
        null,
        1,
        null,
        1,
        0,
        null,
        null,
        1,
        0,
        0,
        null,
        0,
        null,
        null,
        1,
        0,
        null,
        null,
        1,
        0,
        null,
        null,
        null,
        null
      ],
      "/home/devbox/Dropbox/factory-helper/lib/factory-helper/hacker.rb": [
        null,
        1,
        1,
        1,
        null,
        1,
        1,
        0,
        null,
        null,
        1,
        1,
        1,
        1,
        1,
        null,
        1,
        0,
        null,
        null,
        null,
        null,
        null,
        null,
        null,
        null,
        null,
        null,
        null,
        null,
        null
      ],
      "/home/devbox/Dropbox/factory-helper/lib/factory-helper/app.rb": [
        1,
        1,
        1,
        null,
        1,
        0,
        null,
        null,
        1,
        0,
        0,
        null,
        0,
        null,
        null,
        null,
        1,
        0,
        null,
        null,
        null,
        null
      ],
      "/home/devbox/Dropbox/factory-helper/lib/factory-helper/slack_emoji.rb": [
        1,
        1,
        1,
        null,
        1,
        0,
        null,
        null,
        1,
        0,
        null,
        null,
        1,
        0,
        null,
        null,
        1,
        0,
        null,
        null,
        1,
        0,
        null,
        null,
        1,
        0,
        null,
        null,
        1,
        0,
        null,
        null,
        1,
        0,
        null,
        null,
        1,
        0,
        null,
        null,
        null,
        null,
        null
      ],
      "/home/devbox/Dropbox/factory-helper/lib/factory-helper/string.rb": [
        1,
        1,
        1,
        10,
        4,
        null,
        6,
        null,
        null,
        null,
        1,
        null,
        1,
        10,
        1247,
        10,
        null,
        null,
        1,
        null,
        1247,
        null,
        null,
        null,
        null,
        null,
        null,
        null
      ],
      "/home/devbox/Dropbox/factory-helper/spec/factory_helper/string_spec.rb": [
        1,
        null,
        1,
        1,
        1,
        1,
        null,
        null,
        1,
        1,
        null,
        null,
        1,
        1,
        null,
        null,
        1,
        1,
        null,
        null,
        1,
        1,
        1,
        null,
        null,
        1,
        1,
        1,
        null,
        null,
        1,
        1,
        1,
        1,
        null,
        null,
        1,
        1,
        1,
        null,
        null,
        null,
        1,
        1,
        1,
        1,
        null,
        null,
        1,
        1,
        1,
        1,
        null,
        null,
        null,
        null,
        null
      ],
      "/home/devbox/Dropbox/factory-helper/spec/rspec_locale_hooks_spec.rb": [
        1,
        null,
        1,
        1,
        1,
        1,
        1,
        null,
        null,
        1,
        1,
        1,
        null,
        null,
        1,
        1,
        null,
        null,
        1,
        1,
        null,
        1,
        null,
        null,
        1,
        1,
        null,
        null
      ]
    },
    "timestamp": 1432328455
  }
}
